[debug] [2023-05-27T16:08:35.618Z] ----------------------------------------------------------------------
[debug] [2023-05-27T16:08:35.621Z] Command:       C:\Program Files\nodejs\node.exe C:\Users\HP\AppData\Roaming\npm\node_modules\firebase-tools\lib\bin\firebase.js init
[debug] [2023-05-27T16:08:35.622Z] CLI Version:   11.26.0
[debug] [2023-05-27T16:08:35.623Z] Platform:      win32
[debug] [2023-05-27T16:08:35.623Z] Node Version:  v18.13.0
[debug] [2023-05-27T16:08:35.624Z] Time:          Sat May 27 2023 22:08:35 GMT+0600 (Bangladesh Standard Time)
[debug] [2023-05-27T16:08:35.625Z] ----------------------------------------------------------------------
[debug] 
[debug] [2023-05-27T16:08:35.637Z] > command requires scopes: ["email","openid","https://www.googleapis.com/auth/cloudplatformprojects.readonly","https://www.googleapis.com/auth/firebase","https://www.googleapis.com/auth/cloud-platform"]
[debug] [2023-05-27T16:08:35.638Z] > authorizing via signed-in user (md.sifat.ur.rahman2702@gmail.com)
[info] 
     ######## #### ########  ######## ########     ###     ######  ########
     ##        ##  ##     ## ##       ##     ##  ##   ##  ##       ##
     ######    ##  ########  ######   ########  #########  ######  ######
     ##        ##  ##    ##  ##       ##     ## ##     ##       ## ##
     ##       #### ##     ## ######## ########  ##     ##  ######  ########

You're about to initialize a Firebase project in this directory:

  D:\React-offline\emty task project\emty-client

[info] 
=== Project Setup
[info] 
[info] First, let's associate this project directory with a Firebase project.
[info] You can create multiple project aliases by running firebase use --add, 
[info] but for now we'll just set up a default project.
[info] 
[debug] [2023-05-27T16:11:30.023Z] > refreshing access token with scopes: []
[debug] [2023-05-27T16:11:30.026Z] >>> [apiv2][query] POST https://www.googleapis.com/oauth2/v3/token [none]
[debug] [2023-05-27T16:11:30.026Z] >>> [apiv2][body] POST https://www.googleapis.com/oauth2/v3/token [omitted]
[debug] [2023-05-27T16:11:30.432Z] <<< [apiv2][status] POST https://www.googleapis.com/oauth2/v3/token 200
[debug] [2023-05-27T16:11:30.432Z] <<< [apiv2][body] POST https://www.googleapis.com/oauth2/v3/token [omitted]
[debug] [2023-05-27T16:11:30.455Z] >>> [apiv2][query] GET https://firebase.googleapis.com/v1beta1/projects pageSize=100
[debug] [2023-05-27T16:11:31.325Z] <<< [apiv2][status] GET https://firebase.googleapis.com/v1beta1/projects 200
[debug] [2023-05-27T16:11:31.325Z] <<< [apiv2][body] GET https://firebase.googleapis.com/v1beta1/projects [omitted]
[info] i  Using project stockprice-de958 (stockPrice) 
[info] 
=== Hosting Setup
[info] 
[info] Your public directory is the folder (relative to your project directory) that
[info] will contain Hosting assets to be uploaded with firebase deploy. If you
[info] have a build process for your assets, use your build's output directory.
[info] 
